<?xml version="1.0" encoding="UTF-8"?>
<!-- Generated by org.testng.reporters.JUnitReportReporter -->
<testsuite skipped="0" hostname="L1016967" name="testcases.EasyTest" tests="1" failures="0" timestamp="30 Oct 2018 11:46:31 GMT" time="152.914" errors="0">
  <testcase name="oneAdultOneChildRtn" time="152.914" classname="testcases.EasyTest"/>
</testsuite> <!-- testcases.EasyTest -->
