<?xml version="1.0" encoding="UTF-8"?>
<!-- Generated by org.testng.reporters.JUnitReportReporter -->
<testsuite skipped="0" hostname="L1016967" name="testcases.EasyTest" tests="1" failures="0" timestamp="12 Oct 2018 08:50:14 GMT" time="130.098" errors="0">
  <testcase name="oneAdultOneChildRtn" time="130.098" classname="testcases.EasyTest"/>
</testsuite> <!-- testcases.EasyTest -->
