<?xml version="1.0" encoding="UTF-8"?>
<!-- Generated by org.testng.reporters.JUnitReportReporter -->
<testsuite skipped="0" hostname="L1016967" name="testcases.EasyTest" tests="1" failures="0" timestamp="13 Oct 2018 20:06:28 GMT" time="124.146" errors="0">
  <testcase name="oneAdultOneChildRtn" time="124.146" classname="testcases.EasyTest"/>
</testsuite> <!-- testcases.EasyTest -->
