<?xml version="1.0" encoding="UTF-8"?>
<!-- Generated by org.testng.reporters.JUnitReportReporter -->
<testsuite skipped="0" hostname="L1016967" name="testcases.EasyTest" tests="1" failures="0" timestamp="10 Oct 2018 14:23:09 GMT" time="85.929" errors="0">
  <testcase name="oneAdultOneChildRtn" time="85.929" classname="testcases.EasyTest"/>
</testsuite> <!-- testcases.EasyTest -->
